# JRE version: OpenJDK Runtime Environment (11.0.12+7) (build 11.0.12+7-b1504.28-7817840)
# Java VM: OpenJDK 64-Bit Server VM (11.0.12+7-b1504.28-7817840, mixed mode, tiered, compressed oops, g1 gc, windows-amd64)
Heap:
 garbage-first heap   total 507904K, used 267187K [0x0000000080000000, 0x0000000100000000)
  region size 1024K, 11 young (11264K), 2 survivors (2048K)
 Metaspace       used 106181K, capacity 108978K, committed 109132K, reserved 1142784K
  class space    used 13893K, capacity 14954K, committed 14976K, reserved 1048576K
GC Heap History (20 events):
Event: 39.961 GC heap before
{Heap before GC invocations=42 (full 0):
 garbage-first heap   total 284672K, used 212866K [0x0000000080000000, 0x0000000100000000)
  region size 1024K, 36 young (36864K), 2 survivors (2048K)
 Metaspace       used 101223K, capacity 103543K, committed 103756K, reserved 1138688K
  class space    used 13236K, capacity 14119K, committed 14208K, reserved 1048576K
}
Event: 40.041 GC heap after
{Heap after GC invocations=43 (full 0):
 garbage-first heap   total 284672K, used 194881K [0x0000000080000000, 0x0000000100000000)
  region size 1024K, 5 young (5120K), 5 survivors (5120K)
 Metaspace       used 101223K, capacity 103543K, committed 103756K, reserved 1138688K
  class space    used 13236K, capacity 14119K, committed 14208K, reserved 1048576K
}
Event: 41.082 GC heap before
{Heap before GC invocations=43 (full 0):
 garbage-first heap   total 284672K, used 221505K [0x0000000080000000, 0x0000000100000000)
  region size 1024K, 32 young (32768K), 5 survivors (5120K)
 Metaspace       used 102673K, capacity 105051K, committed 105292K, reserved 1140736K
  class space    used 13416K, capacity 14337K, committed 14464K, reserved 1048576K
}
Event: 41.119 GC heap after
{Heap after GC invocations=44 (full 0):
 garbage-first heap   total 284672K, used 200704K [0x0000000080000000, 0x0000000100000000)
  region size 1024K, 4 young (4096K), 4 survivors (4096K)
 Metaspace       used 102673K, capacity 105051K, committed 105292K, reserved 1140736K
  class space    used 13416K, capacity 14337K, committed 14464K, reserved 1048576K
}
Event: 42.533 GC heap before
{Heap before GC invocations=45 (full 0):
 garbage-first heap   total 284672K, used 216064K [0x0000000080000000, 0x0000000100000000)
  region size 1024K, 31 young (31744K), 4 survivors (4096K)
 Metaspace       used 103374K, capacity 105909K, committed 106188K, reserved 1140736K
  class space    used 13543K, capacity 14517K, committed 14592K, reserved 1048576K
}
Event: 42.560 GC heap after
{Heap after GC invocations=46 (full 0):
 garbage-first heap   total 284672K, used 190204K [0x0000000080000000, 0x0000000100000000)
  region size 1024K, 1 young (1024K), 1 survivors (1024K)
 Metaspace       used 103374K, capacity 105909K, committed 106188K, reserved 1140736K
  class space    used 13543K, capacity 14517K, committed 14592K, reserved 1048576K
}
Event: 42.759 GC heap before
{Heap before GC invocations=46 (full 0):
 garbage-first heap   total 284672K, used 202492K [0x0000000080000000, 0x0000000100000000)
  region size 1024K, 13 young (13312K), 1 survivors (1024K)
 Metaspace       used 103485K, capacity 106000K, committed 106188K, reserved 1140736K
  class space    used 13564K, capacity 14529K, committed 14592K, reserved 1048576K
}
Event: 42.818 GC heap after
{Heap after GC invocations=47 (full 0):
 garbage-first heap   total 403456K, used 183995K [0x0000000080000000, 0x0000000100000000)
  region size 1024K, 1 young (1024K), 1 survivors (1024K)
 Metaspace       used 103485K, capacity 106000K, committed 106188K, reserved 1140736K
  class space    used 13564K, capacity 14529K, committed 14592K, reserved 1048576K
}
Event: 43.946 GC heap before
{Heap before GC invocations=47 (full 0):
 garbage-first heap   total 403456K, used 255675K [0x0000000080000000, 0x0000000100000000)
  region size 1024K, 71 young (72704K), 1 survivors (1024K)
 Metaspace       used 104178K, capacity 106728K, committed 106828K, reserved 1140736K
  class space    used 13641K, capacity 14631K, committed 14720K, reserved 1048576K
}
Event: 43.964 GC heap after
{Heap after GC invocations=48 (full 0):
 garbage-first heap   total 403456K, used 188692K [0x0000000080000000, 0x0000000100000000)
  region size 1024K, 6 young (6144K), 6 survivors (6144K)
 Metaspace       used 104178K, capacity 106728K, committed 106828K, reserved 1140736K
  class space    used 13641K, capacity 14631K, committed 14720K, reserved 1048576K
}
Event: 45.260 GC heap before
{Heap before GC invocations=49 (full 0):
 garbage-first heap   total 403456K, used 214292K [0x0000000080000000, 0x0000000100000000)
  region size 1024K, 30 young (30720K), 6 survivors (6144K)
 Metaspace       used 104192K, capacity 106812K, committed 107084K, reserved 1142784K
  class space    used 13633K, capacity 14615K, committed 14720K, reserved 1048576K
}
Event: 45.296 GC heap after
{Heap after GC invocations=50 (full 0):
 garbage-first heap   total 403456K, used 192941K [0x0000000080000000, 0x0000000100000000)
  region size 1024K, 8 young (8192K), 8 survivors (8192K)
 Metaspace       used 104192K, capacity 106812K, committed 107084K, reserved 1142784K
  class space    used 13633K, capacity 14615K, committed 14720K, reserved 1048576K
}
Event: 47.300 GC heap before
{Heap before GC invocations=51 (full 0):
 garbage-first heap   total 403456K, used 246189K [0x0000000080000000, 0x0000000100000000)
  region size 1024K, 53 young (54272K), 8 survivors (8192K)
 Metaspace       used 105356K, capacity 108110K, committed 108364K, reserved 1142784K
  class space    used 13817K, capacity 14854K, committed 14976K, reserved 1048576K
}
Event: 47.336 GC heap after
{Heap after GC invocations=52 (full 0):
 garbage-first heap   total 403456K, used 203027K [0x0000000080000000, 0x0000000100000000)
  region size 1024K, 5 young (5120K), 5 survivors (5120K)
 Metaspace       used 105356K, capacity 108110K, committed 108364K, reserved 1142784K
  class space    used 13817K, capacity 14854K, committed 14976K, reserved 1048576K
}
Event: 48.849 GC heap before
{Heap before GC invocations=53 (full 0):
 garbage-first heap   total 403456K, used 247059K [0x0000000080000000, 0x0000000100000000)
  region size 1024K, 43 young (44032K), 5 survivors (5120K)
 Metaspace       used 105727K, capacity 108537K, committed 108620K, reserved 1142784K
  class space    used 13857K, capacity 14909K, committed 14976K, reserved 1048576K
}
Event: 48.881 GC heap after
{Heap after GC invocations=54 (full 0):
 garbage-first heap   total 403456K, used 215059K [0x0000000080000000, 0x0000000100000000)
  region size 1024K, 10 young (10240K), 10 survivors (10240K)
 Metaspace       used 105727K, capacity 108537K, committed 108620K, reserved 1142784K
  class space    used 13857K, capacity 14909K, committed 14976K, reserved 1048576K
}
Event: 51.122 GC heap before
{Heap before GC invocations=55 (full 0):
 garbage-first heap   total 403456K, used 318483K [0x0000000080000000, 0x0000000100000000)
  region size 1024K, 95 young (97280K), 10 survivors (10240K)
 Metaspace       used 105876K, capacity 108679K, committed 108876K, reserved 1142784K
  class space    used 13862K, capacity 14911K, committed 14976K, reserved 1048576K
}
Event: 51.188 GC heap after
{Heap after GC invocations=56 (full 0):
 garbage-first heap   total 507904K, used 242176K [0x0000000080000000, 0x0000000100000000)
  region size 1024K, 12 young (12288K), 12 survivors (12288K)
 Metaspace       used 105876K, capacity 108679K, committed 108876K, reserved 1142784K
  class space    used 13862K, capacity 14911K, committed 14976K, reserved 1048576K
}
Event: 51.976 GC heap before
{Heap before GC invocations=56 (full 0):
 garbage-first heap   total 507904K, used 268800K [0x0000000080000000, 0x0000000100000000)
  region size 1024K, 39 young (39936K), 12 survivors (12288K)
 Metaspace       used 106084K, capacity 108923K, committed 109132K, reserved 1142784K
  class space    used 13880K, capacity 14941K, committed 14976K, reserved 1048576K
}
Event: 52.000 GC heap after
{Heap after GC invocations=57 (full 0):
 garbage-first heap   total 507904K, used 242611K [0x0000000080000000, 0x0000000100000000)
  region size 1024K, 2 young (2048K), 2 survivors (2048K)
 Metaspace       used 106084K, capacity 108923K, committed 109132K, reserved 1142784K
  class space    used 13880K, capacity 14941K, committed 14976K, reserved 1048576K
}

